#
# An unexpected error has been detected by Java Runtime Environment:
#
#  EXCEPTION_ACCESS_VIOLATION (0xc0000005) at pc=0x03328455, pid=4044, tid=3012
#
# Java VM: Java HotSpot(TM) Client VM (1.6.0-b105 mixed mode, sharing)
# Problematic frame:
# C  [wpcap.dll+0x8455]
#
# If you would like to submit a bug report, please visit:
#   http://java.sun.com/webapps/bugreport/crash.jsp
#

---------------  T H R E A D  ---------------

Current thread (0x029f9400):  JavaThread "Thread-3" [_thread_in_native, id=3012]

siginfo: ExceptionCode=0xc0000005, reading address 0x000001dc

Registers:
EAX=0x00295d7c, EBX=0x10013fa0, ECX=0x00000001, EDX=0x00000000
ESP=0x036cf948, EBP=0x036cf9b0, ESI=0x00000000, EDI=0x00000000
EIP=0x03328455, EFLAGS=0x00010202

Top of Stack: (sp=0x036cf948)
0x036cf948:   029f94e8 10001998 00000000 00000001
0x036cf958:   10001ea0 00000000 029f9400 269d2460
0x036cf968:   269d2460 0089a460 029f94e8 036cf9c8
0x036cf978:   00000001 036cf9c0 7c903934 7c919b3f
0x036cf988:   7c97c0d8 036cfac8 036cf990 00000000
0x036cf998:   036cf9c8 269d33b0 00000000 269d2460
0x036cf9a8:   00000000 036cf9c0 036cf9ec 00892d95
0x036cf9b8:   00000000 00898419 231c5b20 00000001 

Instructions: (pc=0x03328455)
0x03328445:   90 90 90 90 90 90 90 90 90 90 90 56 8b 74 24 08
0x03328455:   8b 86 dc 01 00 00 85 c0 74 1c 8b 86 ec 01 00 00 


Stack: [0x03680000,0x036d0000),  sp=0x036cf948,  free space=318k
Native frames: (J=compiled Java code, j=interpreted, Vv=VM code, C=native code)
C  [wpcap.dll+0x8455]
j  netpacsniff.Captor$2.run()V+18
j  java.lang.Thread.run()V+11
v  ~StubRoutines::call_stub

Java frames: (J=compiled Java code, j=interpreted, Vv=VM code)
j  jpcap.JpcapCaptor.processPacket(ILjpcap/PacketReceiver;)I+0
j  netpacsniff.Captor$2.run()V+18
j  java.lang.Thread.run()V+11
v  ~StubRoutines::call_stub

---------------  P R O C E S S  ---------------

Java Threads: ( => current thread )
=>0x029f9400 JavaThread "Thread-3" [_thread_in_native, id=3012]
  0x03125000 JavaThread "TimerQueue" daemon [_thread_blocked, id=2424]
  0x00296400 JavaThread "DestroyJavaVM" [_thread_blocked, id=4060]
  0x02aa5400 JavaThread "AWT-EventQueue-0" [_thread_in_native, id=2592]
  0x02a64000 JavaThread "AWT-Windows" daemon [_thread_in_native, id=2296]
  0x02a63000 JavaThread "AWT-Shutdown" [_thread_blocked, id=4080]
  0x02a62400 JavaThread "Java2D Disposer" daemon [_thread_blocked, id=2288]
  0x029dcc00 JavaThread "Low Memory Detector" daemon [_thread_blocked, id=3864]
  0x029db800 JavaThread "CompilerThread0" daemon [_thread_blocked, id=376]
  0x029d6c00 JavaThread "Attach Listener" daemon [_thread_blocked, id=2264]
  0x029d6000 JavaThread "Signal Dispatcher" daemon [_thread_blocked, id=4048]
  0x029ce400 JavaThread "Finalizer" daemon [_thread_blocked, id=1160]
  0x029cd400 JavaThread "Reference Handler" daemon [_thread_blocked, id=1716]

Other Threads:
  0x029c4000 VMThread [id=1396]
  0x029de400 WatcherThread [id=3624]

VM state:not at safepoint (normal execution)

VM Mutex/Monitor currently owned by a thread: None

Heap
 def new generation   total 960K, used 395K [0x22960000, 0x22a60000, 0x22e40000)
  eden space 896K,  38% used [0x22960000, 0x229b59a8, 0x22a40000)
  from space 64K,  82% used [0x22a50000, 0x22a5d2a8, 0x22a60000)
  to   space 64K,   0% used [0x22a40000, 0x22a40000, 0x22a50000)
 tenured generation   total 9312K, used 7705K [0x22e40000, 0x23758000, 0x26960000)
   the space 9312K,  82% used [0x22e40000, 0x235c67e8, 0x235c6800, 0x23758000)
 compacting perm gen  total 12288K, used 1088K [0x26960000, 0x27560000, 0x2a960000)
   the space 12288K,   8% used [0x26960000, 0x26a702e0, 0x26a70400, 0x27560000)
    ro space 8192K,  66% used [0x2a960000, 0x2aea9920, 0x2aea9a00, 0x2b160000)
    rw space 12288K,  52% used [0x2b160000, 0x2b7a6130, 0x2b7a6200, 0x2bd60000)

Dynamic libraries:
0x00400000 - 0x00423000 	D:\Program Files\Java\jdk1.6.0\bin\java.exe
0x7c900000 - 0x7c9b0000 	C:\WINDOWS\system32\ntdll.dll
0x7c800000 - 0x7c8f4000 	C:\WINDOWS\system32\kernel32.dll
0x77dd0000 - 0x77e6b000 	C:\WINDOWS\system32\ADVAPI32.dll
0x77e70000 - 0x77f01000 	C:\WINDOWS\system32\RPCRT4.dll
0x7c340000 - 0x7c396000 	D:\Program Files\Java\jdk1.6.0\jre\bin\msvcr71.dll
0x6d7c0000 - 0x6da07000 	D:\Program Files\Java\jdk1.6.0\jre\bin\client\jvm.dll
0x77d40000 - 0x77dd0000 	C:\WINDOWS\system32\USER32.dll
0x77f10000 - 0x77f56000 	C:\WINDOWS\system32\GDI32.dll
0x76b40000 - 0x76b6d000 	C:\WINDOWS\system32\WINMM.dll
0x6d310000 - 0x6d318000 	D:\Program Files\Java\jdk1.6.0\jre\bin\hpi.dll
0x76bf0000 - 0x76bfb000 	C:\WINDOWS\system32\PSAPI.DLL
0x6d770000 - 0x6d77c000 	D:\Program Files\Java\jdk1.6.0\jre\bin\verify.dll
0x6d3b0000 - 0x6d3cf000 	D:\Program Files\Java\jdk1.6.0\jre\bin\java.dll
0x6d7b0000 - 0x6d7bf000 	D:\Program Files\Java\jdk1.6.0\jre\bin\zip.dll
0x6d000000 - 0x6d1c3000 	D:\Program Files\Java\jdk1.6.0\jre\bin\awt.dll
0x73000000 - 0x73026000 	C:\WINDOWS\system32\WINSPOOL.DRV
0x77c10000 - 0x77c68000 	C:\WINDOWS\system32\msvcrt.dll
0x76390000 - 0x763ad000 	C:\WINDOWS\system32\IMM32.dll
0x774e0000 - 0x7761c000 	C:\WINDOWS\system32\ole32.dll
0x5ad70000 - 0x5ada8000 	C:\WINDOWS\system32\uxtheme.dll
0x73760000 - 0x737a9000 	C:\WINDOWS\system32\ddraw.dll
0x73bc0000 - 0x73bc6000 	C:\WINDOWS\system32\DCIMAN32.dll
0x74720000 - 0x7476b000 	C:\WINDOWS\system32\MSCTF.dll
0x7c9c0000 - 0x7d1d4000 	C:\WINDOWS\system32\shell32.dll
0x77f60000 - 0x77fd6000 	C:\WINDOWS\system32\SHLWAPI.dll
0x773d0000 - 0x774d2000 	C:\WINDOWS\WinSxS\x86_Microsoft.Windows.Common-Controls_6595b64144ccf1df_6.0.2600.2180_x-ww_a84f1ff9\comctl32.dll
0x5d090000 - 0x5d127000 	C:\WINDOWS\system32\comctl32.dll
0x6d2b0000 - 0x6d303000 	D:\Program Files\Java\jdk1.6.0\jre\bin\fontmanager.dll
0x5b860000 - 0x5b8b4000 	C:\WINDOWS\system32\netapi32.dll
0x71b20000 - 0x71b32000 	C:\WINDOWS\system32\MPR.dll
0x75f60000 - 0x75f67000 	C:\WINDOWS\System32\drprov.dll
0x71c10000 - 0x71c1e000 	C:\WINDOWS\System32\ntlanman.dll
0x71cd0000 - 0x71ce7000 	C:\WINDOWS\System32\NETUI0.dll
0x71c90000 - 0x71cd0000 	C:\WINDOWS\System32\NETUI1.dll
0x71c80000 - 0x71c87000 	C:\WINDOWS\System32\NETRAP.dll
0x71bf0000 - 0x71c03000 	C:\WINDOWS\System32\SAMLIB.dll
0x75f70000 - 0x75f79000 	C:\WINDOWS\System32\davclnt.dll
0x77920000 - 0x77a13000 	C:\WINDOWS\system32\SETUPAPI.dll
0x77b40000 - 0x77b62000 	C:\WINDOWS\system32\appHelp.dll
0x76fd0000 - 0x7704f000 	C:\WINDOWS\system32\CLBCATQ.DLL
0x77120000 - 0x771ac000 	C:\WINDOWS\system32\OLEAUT32.dll
0x77050000 - 0x77115000 	C:\WINDOWS\system32\COMRes.dll
0x77c00000 - 0x77c08000 	C:\WINDOWS\system32\VERSION.dll
0x76980000 - 0x76988000 	C:\WINDOWS\system32\LINKINFO.dll
0x76990000 - 0x769b5000 	C:\WINDOWS\system32\ntshrui.dll
0x76b20000 - 0x76b31000 	C:\WINDOWS\system32\ATL.DLL
0x769c0000 - 0x76a73000 	C:\WINDOWS\system32\USERENV.dll
0x6d570000 - 0x6d583000 	D:\Program Files\Java\jdk1.6.0\jre\bin\net.dll
0x71ab0000 - 0x71ac7000 	C:\WINDOWS\system32\WS2_32.dll
0x71aa0000 - 0x71aa8000 	C:\WINDOWS\system32\WS2HELP.dll
0x6d590000 - 0x6d599000 	D:\Program Files\Java\jdk1.6.0\jre\bin\nio.dll
0x10000000 - 0x10028000 	C:\WINDOWS\system32\Jpcap.dll
0x03320000 - 0x03361000 	C:\WINDOWS\system32\wpcap.dll
0x03000000 - 0x03015000 	C:\WINDOWS\system32\packet.dll
0x03020000 - 0x03030000 	C:\WINDOWS\system32\WanPacket.dll
0x610f0000 - 0x61101000 	C:\WINDOWS\system32\NPPTools.dll
0x72830000 - 0x7292e000 	C:\WINDOWS\system32\MFC42u.DLL
0x76d60000 - 0x76d79000 	C:\WINDOWS\system32\iphlpapi.dll
0x5fd00000 - 0x5fd0d000 	C:\WINDOWS\system32\MFC42LOC.DLL
0x20000000 - 0x202c5000 	C:\WINDOWS\system32\xpsp2res.dll
0x605d0000 - 0x605d9000 	C:\WINDOWS\system32\mslbui.dll
0x5a700000 - 0x5a711000 	C:\WINDOWS\system32\npp\ndisnpp.dll
0x77fe0000 - 0x77ff1000 	C:\WINDOWS\system32\Secur32.dll

VM Arguments:
java_command: netpacsniff.NetPackSniff
Launcher Type: SUN_STANDARD

Environment Variables:
PATH=D:\Program Files\Java\jdk1.6.0\bin;C:\PROGRA~1\RATIONAL\RATION~1\NUTCROOT\bin;C:\PROGRA~1\RATIONAL\RATION~1\NUTCROOT\bin\x11;C:\PROGRA~1\RATIONAL\RATION~1\NUTCROOT\mksnt;C:\WINDOWS\system32;C:\WINDOWS;C:\WINDOWS\System32\Wbem;C:\Program Files\Rational\common;C:\Program Files\Rational\ClearQuest;C:\Program Files\Rational\Rose\TopLink\;C:\Program Files\Rational\Rational Test
USERNAME=santosh
SHELL=C:\PROGRA~1\RATIONAL\RATION~1\NUTCROOT\mksnt\sh.exe
DISPLAY=:0.0
OS=Windows_NT
PROCESSOR_IDENTIFIER=x86 Family 6 Model 15 Stepping 13, GenuineIntel



---------------  S Y S T E M  ---------------

OS: Windows XP Build 2600 Service Pack 2

CPU:total 2 family 6, cmov, cx8, fxsr, mmx, sse, sse2

Memory: 4k page, physical 2088236k(1582948k free), swap 4030380k(3671764k free)

vm_info: Java HotSpot(TM) Client VM (1.6.0-b105) for windows-x86, built on Nov 29 2006 00:48:48 by "java_re" with unknown MS VC++:1310

